<?xml version="1.0" encoding="UTF-8"?>
<testsuites name="Regression Test" time="70.532" tests="3" failures="0" errors="0">
   <testsuite name="Regression Test" tests="3" failures="0" errors="0" time="70.532" skipped="0" timestamp="2021-12-06 00:40:25" hostname="wisnu - DARSUP0LAPWIN0.iconpln.co.id" id="Test Suites/Regression Test">
      <properties>
         <property name="deviceName" value=""/>
         <property name="devicePlatform" value=""/>
         <property name="logFolder" value="C:\\Users\\wisnu\\git\\CERMATI-Test-QA\\Reports\\20211206_004021\\Regression Test\\20211206_004021"/>
         <property name="logFiles" value="C:\\Users\\wisnu\\git\\CERMATI-Test-QA\\Reports\\20211206_004021\\Regression Test\\20211206_004021\\execution0.log"/>
         <property name="attachments" value=""/>
         <property name="hostName" value="wisnu - DARSUP0LAPWIN0.iconpln.co.id"/>
         <property name="os" value="Windows 10 64bit"/>
         <property name="katalonVersion" value="8.2.0.208"/>
         <property name="browser" value="Chrome 96.0.4664.45"/>
         <property name="hostAddress" value="192.168.43.240"/>
         <property name="sessionId" value="eaaca46c9b486b338ba019d2a577fdb9"/>
         <property name="seleniumVersion" value="3.141.59"/>
         <property name="proxyInformation" value="ProxyInformation { proxyOption=NO_PROXY, proxyServerType=HTTP, username=, password=********, proxyServerAddress=, proxyServerPort=0, executionList=&quot;&quot;, isApplyToDesiredCapabilities=true }"/>
         <property name="platform" value="Windows 10"/>
      </properties>
      <testcase name="Test Cases/Q1-TC CREATE PUBLIC GIST" time="27.351" classname="Test Cases/Q1-TC CREATE PUBLIC GIST" status="PASSED">
         <system-out><![CDATA[2021-12-06 00:40:26 - [TEST_CASE][PASSED] - Test Cases/Q1-TC CREATE PUBLIC GIST: Test Cases/Q1-TC CREATE PUBLIC GIST

2021-12-06 00:40:26 - [TEST_STEP][PASSED] - openBrowser(""): Browser is opened with url: ''

2021-12-06 00:40:27 - [MESSAGE][INFO] - Starting 'Chrome' driver

2021-12-06 00:40:27 - [MESSAGE][INFO] - Action delay is set to 0 milliseconds

2021-12-06 00:40:31 - [MESSAGE][PASSED] - Browser is opened with url: ''

2021-12-06 00:40:31 - [TEST_STEP][PASSED] - navigateToUrl("https://gist.github.com/WISNUARWR"): Navigate to 'https://gist.github.com/WISNUARWR' successfully

2021-12-06 00:40:33 - [MESSAGE][PASSED] - Navigate to 'https://gist.github.com/WISNUARWR' successfully

2021-12-06 00:40:33 - [TEST_STEP][PASSED] - maximizeWindow(): Current window maximized

2021-12-06 00:40:33 - [MESSAGE][PASSED] - Current window maximized

2021-12-06 00:40:33 - [TEST_STEP][PASSED] - click(findTestObject("CREATE A NEW GIST/Page_WISNUARWR/a_Signin")): Object: 'Object Repository/CREATE A NEW GIST/Page_WISNUARWR/a_Signin' is clicked on

2021-12-06 00:40:35 - [MESSAGE][PASSED] - Object: 'Object Repository/CREATE A NEW GIST/Page_WISNUARWR/a_Signin' is clicked on

2021-12-06 00:40:35 - [TEST_STEP][PASSED] - setText(findTestObject("CREATE A NEW GIST/Page_Sign in/input_Username or email address_login"), "WISNUARWR"): Text 'WISNUARWR' is set on object 'Object Repository/CREATE A NEW GIST/Page_Sign in/input_Username or email address_login'

2021-12-06 00:40:36 - [MESSAGE][PASSED] - Text 'WISNUARWR' is set on object 'Object Repository/CREATE A NEW GIST/Page_Sign in/input_Username or email address_login'

2021-12-06 00:40:36 - [TEST_STEP][PASSED] - setText(findTestObject("CREATE A NEW GIST/Page_Sign in input username and password/input_Password_password"), "War12122014"): Text 'War12122014' is set on object 'Object Repository/CREATE A NEW GIST/Page_Sign in input username and password/input_Password_password'

2021-12-06 00:40:37 - [MESSAGE][PASSED] - Text 'War12122014' is set on object 'Object Repository/CREATE A NEW GIST/Page_Sign in input username and password/input_Password_password'

2021-12-06 00:40:37 - [TEST_STEP][PASSED] - click(findTestObject("CREATE A NEW GIST/Page_Sign in input username and password/input_Password_commit")): Object: 'Object Repository/CREATE A NEW GIST/Page_Sign in input username and password/input_Password_commit' is clicked on

2021-12-06 00:40:41 - [MESSAGE][PASSED] - Object: 'Object Repository/CREATE A NEW GIST/Page_Sign in input username and password/input_Password_commit' is clicked on

2021-12-06 00:40:41 - [TEST_STEP][PASSED] - click(findTestObject("CREATE A NEW GIST/Page_WISNUARWRs ADD or CREATE new gist/svg_Sign out_octicon octicon-plus d-none d-md-inline-block")): Object: 'Object Repository/CREATE A NEW GIST/Page_WISNUARWRs ADD or CREATE new gist/svg_Sign out_octicon octicon-plus d-none d-md-inline-block' is clicked on

2021-12-06 00:40:42 - [MESSAGE][PASSED] - Object: 'Object Repository/CREATE A NEW GIST/Page_WISNUARWRs ADD or CREATE new gist/svg_Sign out_octicon octicon-plus d-none d-md-inline-block' is clicked on

2021-12-06 00:40:42 - [TEST_STEP][PASSED] - setText(findTestObject("CREATE A NEW GIST/Page_CREATE a new Gist/input_View your gists_gistcontentsname"), "Q1 CERMATI TEST-CREATE PUBLIC GIST"): Text 'Q1 CERMATI TEST-CREATE PUBLIC GIST' is set on object 'Object Repository/CREATE A NEW GIST/Page_CREATE a new Gist/input_View your gists_gistcontentsname'

2021-12-06 00:40:43 - [MESSAGE][PASSED] - Text 'Q1 CERMATI TEST-CREATE PUBLIC GIST' is set on object 'Object Repository/CREATE A NEW GIST/Page_CREATE a new Gist/input_View your gists_gistcontentsname'

2021-12-06 00:40:43 - [TEST_STEP][PASSED] - setText(findTestObject("CREATE A NEW GIST/Page_CREATE a new Gist/pre_"), "DESCRIPTION Q1 CREATE PUBLIC GIST"): Text 'DESCRIPTION Q1 CREATE PUBLIC GIST' is set on object 'Object Repository/CREATE A NEW GIST/Page_CREATE a new Gist/pre_'

2021-12-06 00:40:45 - [MESSAGE][PASSED] - Text 'DESCRIPTION Q1 CREATE PUBLIC GIST' is set on object 'Object Repository/CREATE A NEW GIST/Page_CREATE a new Gist/pre_'

2021-12-06 00:40:45 - [TEST_STEP][PASSED] - setText(findTestObject("CREATE A NEW GIST/Page_CREATE a new Gist/input_View your gists_gistdescription"), "CREATE PUBLIC GIST"): Text 'CREATE PUBLIC GIST' is set on object 'Object Repository/CREATE A NEW GIST/Page_CREATE a new Gist/input_View your gists_gistdescription'

2021-12-06 00:40:46 - [MESSAGE][PASSED] - Text 'CREATE PUBLIC GIST' is set on object 'Object Repository/CREATE A NEW GIST/Page_CREATE a new Gist/input_View your gists_gistdescription'

2021-12-06 00:40:46 - [TEST_STEP][PASSED] - click(findTestObject("CREATE A NEW GIST/Page_Create a new Gist button choose ublic or secret gist/summary_Create secret gist_select-menu-button btn-primary btn BtnGroup-item float-none")): Object: 'Object Repository/CREATE A NEW GIST/Page_Create a new Gist button choose ublic or secret gist/summary_Create secret gist_select-menu-button btn-primary btn BtnGroup-item float-none' is clicked on

2021-12-06 00:40:47 - [MESSAGE][PASSED] - Object: 'Object Repository/CREATE A NEW GIST/Page_Create a new Gist button choose ublic or secret gist/summary_Create secret gist_select-menu-button btn-primary btn BtnGroup-item float-none' is clicked on

2021-12-06 00:40:47 - [TEST_STEP][PASSED] - click(findTestObject("CREATE A NEW GIST/Page_CHOOSE Public Gist/span_Create public gist")): Object: 'Object Repository/CREATE A NEW GIST/Page_CHOOSE Public Gist/span_Create public gist' is clicked on

2021-12-06 00:40:47 - [MESSAGE][PASSED] - Object: 'Object Repository/CREATE A NEW GIST/Page_CHOOSE Public Gist/span_Create public gist' is clicked on

2021-12-06 00:40:47 - [TEST_STEP][PASSED] - click(findTestObject("CREATE A NEW GIST/Page_CLICK button create public gist/button_Create public gist")): Object: 'Object Repository/CREATE A NEW GIST/Page_CLICK button create public gist/button_Create public gist' is clicked on

2021-12-06 00:40:50 - [MESSAGE][PASSED] - Object: 'Object Repository/CREATE A NEW GIST/Page_CLICK button create public gist/button_Create public gist' is clicked on

2021-12-06 00:40:50 - [TEST_STEP][PASSED] - delay(2): Delayed 2 second(s)

2021-12-06 00:40:52 - [MESSAGE][PASSED] - Delayed 2 second(s)

2021-12-06 00:40:52 - [TEST_STEP][PASSED] - closeBrowser(): Browser is closed

2021-12-06 00:40:53 - [MESSAGE][PASSED] - Browser is closed]]></system-out>
         <system-err><![CDATA[]]></system-err>
      </testcase>
      <testcase name="Test Cases/Q1-TC DELETE PUBLIC GIST EXISTING" time="19.319" classname="Test Cases/Q1-TC DELETE PUBLIC GIST EXISTING" status="PASSED">
         <system-out><![CDATA[2021-12-06 00:40:53 - [TEST_CASE][PASSED] - Test Cases/Q1-TC DELETE PUBLIC GIST EXISTING: Test Cases/Q1-TC DELETE PUBLIC GIST EXISTING

2021-12-06 00:40:53 - [TEST_STEP][PASSED] - openBrowser(""): Browser is opened with url: ''

2021-12-06 00:40:53 - [MESSAGE][INFO] - Starting 'Chrome' driver

2021-12-06 00:40:53 - [MESSAGE][INFO] - Action delay is set to 0 milliseconds

2021-12-06 00:40:56 - [MESSAGE][PASSED] - Browser is opened with url: ''

2021-12-06 00:40:56 - [TEST_STEP][PASSED] - navigateToUrl("https://gist.github.com/WISNUARWR"): Navigate to 'https://gist.github.com/WISNUARWR' successfully

2021-12-06 00:40:58 - [MESSAGE][PASSED] - Navigate to 'https://gist.github.com/WISNUARWR' successfully

2021-12-06 00:40:58 - [TEST_STEP][PASSED] - maximizeWindow(): Current window maximized

2021-12-06 00:40:58 - [MESSAGE][PASSED] - Current window maximized

2021-12-06 00:40:58 - [TEST_STEP][PASSED] - click(findTestObject("DELETE EXISTING GIST/Page_WISNUARWR/a_Signin")): Object: 'Object Repository/DELETE EXISTING GIST/Page_WISNUARWR/a_Signin' is clicked on

2021-12-06 00:41:00 - [MESSAGE][PASSED] - Object: 'Object Repository/DELETE EXISTING GIST/Page_WISNUARWR/a_Signin' is clicked on

2021-12-06 00:41:00 - [TEST_STEP][PASSED] - setText(findTestObject("DELETE EXISTING GIST/Page_Sign in/input_Username or email address_login"), "WISNUARWR"): Text 'WISNUARWR' is set on object 'Object Repository/DELETE EXISTING GIST/Page_Sign in/input_Username or email address_login'

2021-12-06 00:41:01 - [MESSAGE][PASSED] - Text 'WISNUARWR' is set on object 'Object Repository/DELETE EXISTING GIST/Page_Sign in/input_Username or email address_login'

2021-12-06 00:41:01 - [TEST_STEP][PASSED] - setText(findTestObject("DELETE EXISTING GIST/Page_Sign in/input_Password_password"), "War12122014"): Text 'War12122014' is set on object 'Object Repository/DELETE EXISTING GIST/Page_Sign in/input_Password_password'

2021-12-06 00:41:02 - [MESSAGE][PASSED] - Text 'War12122014' is set on object 'Object Repository/DELETE EXISTING GIST/Page_Sign in/input_Password_password'

2021-12-06 00:41:02 - [TEST_STEP][PASSED] - click(findTestObject("DELETE EXISTING GIST/Page_Sign in/input_Password_commit")): Object: 'Object Repository/DELETE EXISTING GIST/Page_Sign in/input_Password_commit' is clicked on

2021-12-06 00:41:06 - [MESSAGE][PASSED] - Object: 'Object Repository/DELETE EXISTING GIST/Page_Sign in/input_Password_commit' is clicked on

2021-12-06 00:41:06 - [TEST_STEP][PASSED] - click(findTestObject("DELETE EXISTING GIST/Page_CLICK existing gist/strong_EDIT Q1 CERMATI TEST-EDIT PUBLIC GIST")): Object: 'Object Repository/DELETE EXISTING GIST/Page_CLICK existing gist/strong_EDIT Q1 CERMATI TEST-EDIT PUBLIC GIST' is clicked on

2021-12-06 00:41:07 - [MESSAGE][PASSED] - Object: 'Object Repository/DELETE EXISTING GIST/Page_CLICK existing gist/strong_EDIT Q1 CERMATI TEST-EDIT PUBLIC GIST' is clicked on

2021-12-06 00:41:07 - [TEST_STEP][PASSED] - click(findTestObject("DELETE EXISTING GIST/Page_CLICK button delete/button_Delete")): Object: 'Object Repository/DELETE EXISTING GIST/Page_CLICK button delete/button_Delete' is clicked on

2021-12-06 00:41:07 - [MESSAGE][PASSED] - Object: 'Object Repository/DELETE EXISTING GIST/Page_CLICK button delete/button_Delete' is clicked on

2021-12-06 00:41:07 - [TEST_STEP][PASSED] - acceptAlert(): Alert accepted

2021-12-06 00:41:07 - [MESSAGE][PASSED] - Alert accepted

2021-12-06 00:41:07 - [TEST_STEP][PASSED] - delay(4): Delayed 4 second(s)

2021-12-06 00:41:11 - [MESSAGE][PASSED] - Delayed 4 second(s)

2021-12-06 00:41:11 - [TEST_STEP][PASSED] - closeBrowser(): Browser is closed

2021-12-06 00:41:12 - [MESSAGE][PASSED] - Browser is closed]]></system-out>
         <system-err><![CDATA[]]></system-err>
      </testcase>
      <testcase name="Test Cases/Q1-TC EDIT PUBLIC GIST EXISTING" time="23.35" classname="Test Cases/Q1-TC EDIT PUBLIC GIST EXISTING" status="PASSED">
         <system-out><![CDATA[2021-12-06 00:41:12 - [TEST_CASE][PASSED] - Test Cases/Q1-TC EDIT PUBLIC GIST EXISTING: Test Cases/Q1-TC EDIT PUBLIC GIST EXISTING

2021-12-06 00:41:13 - [TEST_STEP][PASSED] - openBrowser(""): Browser is opened with url: ''

2021-12-06 00:41:13 - [MESSAGE][INFO] - Starting 'Chrome' driver

2021-12-06 00:41:13 - [MESSAGE][INFO] - Action delay is set to 0 milliseconds

2021-12-06 00:41:15 - [MESSAGE][PASSED] - Browser is opened with url: ''

2021-12-06 00:41:15 - [TEST_STEP][PASSED] - navigateToUrl("https://gist.github.com/WISNUARWR"): Navigate to 'https://gist.github.com/WISNUARWR' successfully

2021-12-06 00:41:17 - [MESSAGE][PASSED] - Navigate to 'https://gist.github.com/WISNUARWR' successfully

2021-12-06 00:41:17 - [TEST_STEP][PASSED] - maximizeWindow(): Current window maximized

2021-12-06 00:41:17 - [MESSAGE][PASSED] - Current window maximized

2021-12-06 00:41:17 - [TEST_STEP][PASSED] - click(findTestObject("EDIT EXISTING GIST/Page_WISNUARWR/a_Signin")): Object: 'Object Repository/EDIT EXISTING GIST/Page_WISNUARWR/a_Signin' is clicked on

2021-12-06 00:41:19 - [MESSAGE][PASSED] - Object: 'Object Repository/EDIT EXISTING GIST/Page_WISNUARWR/a_Signin' is clicked on

2021-12-06 00:41:19 - [TEST_STEP][PASSED] - setText(findTestObject("EDIT EXISTING GIST/Page_Sign in/input_Username or email address_login"), "WISNUARWR"): Text 'WISNUARWR' is set on object 'Object Repository/EDIT EXISTING GIST/Page_Sign in/input_Username or email address_login'

2021-12-06 00:41:20 - [MESSAGE][PASSED] - Text 'WISNUARWR' is set on object 'Object Repository/EDIT EXISTING GIST/Page_Sign in/input_Username or email address_login'

2021-12-06 00:41:20 - [TEST_STEP][PASSED] - setText(findTestObject("EDIT EXISTING GIST/Page_Sign in/input_Password_password"), "War12122014"): Text 'War12122014' is set on object 'Object Repository/EDIT EXISTING GIST/Page_Sign in/input_Password_password'

2021-12-06 00:41:20 - [MESSAGE][PASSED] - Text 'War12122014' is set on object 'Object Repository/EDIT EXISTING GIST/Page_Sign in/input_Password_password'

2021-12-06 00:41:20 - [TEST_STEP][PASSED] - click(findTestObject("EDIT EXISTING GIST/Page_Sign in/input_Password_commit")): Object: 'Object Repository/EDIT EXISTING GIST/Page_Sign in/input_Password_commit' is clicked on

2021-12-06 00:41:23 - [MESSAGE][PASSED] - Object: 'Object Repository/EDIT EXISTING GIST/Page_Sign in/input_Password_commit' is clicked on

2021-12-06 00:41:23 - [TEST_STEP][PASSED] - click(findTestObject("EDIT EXISTING GIST/Page_CLICK existing gist/strong_Q1 CERMATI TEST-EDIT PUBLIC GIST")): Object: 'Object Repository/EDIT EXISTING GIST/Page_CLICK existing gist/strong_Q1 CERMATI TEST-EDIT PUBLIC GIST' is clicked on

2021-12-06 00:41:26 - [MESSAGE][PASSED] - Object: 'Object Repository/EDIT EXISTING GIST/Page_CLICK existing gist/strong_Q1 CERMATI TEST-EDIT PUBLIC GIST' is clicked on

2021-12-06 00:41:26 - [TEST_STEP][PASSED] - click(findTestObject("EDIT EXISTING GIST/Page_EDIT PUBLIC GIST/a_Edit")): Object: 'Object Repository/EDIT EXISTING GIST/Page_EDIT PUBLIC GIST/a_Edit' is clicked on

2021-12-06 00:41:27 - [MESSAGE][PASSED] - Object: 'Object Repository/EDIT EXISTING GIST/Page_EDIT PUBLIC GIST/a_Edit' is clicked on

2021-12-06 00:41:27 - [TEST_STEP][PASSED] - setText(findTestObject("EDIT EXISTING GIST/Page_Editing Existing Gist Update Public Gist/input_Delete_gistcontentsname"), "Q1 CERMATI TEST-EDIT PUBLIC GIST"): Text 'Q1 CERMATI TEST-EDIT PUBLIC GIST' is set on object 'Object Repository/EDIT EXISTING GIST/Page_Editing Existing Gist Update Public Gist/input_Delete_gistcontentsname'

2021-12-06 00:41:28 - [MESSAGE][PASSED] - Text 'Q1 CERMATI TEST-EDIT PUBLIC GIST' is set on object 'Object Repository/EDIT EXISTING GIST/Page_Editing Existing Gist Update Public Gist/input_Delete_gistcontentsname'

2021-12-06 00:41:28 - [TEST_STEP][PASSED] - setText(findTestObject("EDIT EXISTING GIST/Page_Editing Existing Gist Update Public Gist/span_EDIT Q1 CERMATI TEST-EDIT PUBLIC GISTDESCRIPTION Q1 CREATE PUBLIC GIST"), "Q1 CERMATI TEST-EDIT PUBLIC GIST"): Text 'Q1 CERMATI TEST-EDIT PUBLIC GIST' is set on object 'Object Repository/EDIT EXISTING GIST/Page_Editing Existing Gist Update Public Gist/span_EDIT Q1 CERMATI TEST-EDIT PUBLIC GISTDESCRIPTION Q1 CREATE PUBLIC GIST'

2021-12-06 00:41:30 - [MESSAGE][PASSED] - Text 'Q1 CERMATI TEST-EDIT PUBLIC GIST' is set on object 'Object Repository/EDIT EXISTING GIST/Page_Editing Existing Gist Update Public Gist/span_EDIT Q1 CERMATI TEST-EDIT PUBLIC GISTDESCRIPTION Q1 CREATE PUBLIC GIST'

2021-12-06 00:41:30 - [TEST_STEP][PASSED] - setText(findTestObject("EDIT EXISTING GIST/Page_Editing Existing Gist Update Public Gist/input_Delete_gistdescription"), "EDIT PUBLIC GIST"): Text 'EDIT PUBLIC GIST' is set on object 'Object Repository/EDIT EXISTING GIST/Page_Editing Existing Gist Update Public Gist/input_Delete_gistdescription'

2021-12-06 00:41:31 - [MESSAGE][PASSED] - Text 'EDIT PUBLIC GIST' is set on object 'Object Repository/EDIT EXISTING GIST/Page_Editing Existing Gist Update Public Gist/input_Delete_gistdescription'

2021-12-06 00:41:31 - [TEST_STEP][PASSED] - click(findTestObject("EDIT EXISTING GIST/Page_Editing Existing Gist Update Public Gist/button_Update public gist")): Object: 'Object Repository/EDIT EXISTING GIST/Page_Editing Existing Gist Update Public Gist/button_Update public gist' is clicked on

2021-12-06 00:41:33 - [MESSAGE][PASSED] - Object: 'Object Repository/EDIT EXISTING GIST/Page_Editing Existing Gist Update Public Gist/button_Update public gist' is clicked on

2021-12-06 00:41:33 - [TEST_STEP][PASSED] - delay(2): Delayed 2 second(s)

2021-12-06 00:41:35 - [MESSAGE][PASSED] - Delayed 2 second(s)

2021-12-06 00:41:35 - [TEST_STEP][PASSED] - closeBrowser(): Browser is closed

2021-12-06 00:41:36 - [MESSAGE][PASSED] - Browser is closed]]></system-out>
         <system-err><![CDATA[]]></system-err>
      </testcase>
      <system-out><![CDATA[2021-12-06 00:40:25 - [TEST_SUITE][PASSED] - Regression Test: Test Cases/Q1-TC EDIT PUBLIC GIST EXISTING]]></system-out>
      <system-err><![CDATA[]]></system-err>
   </testsuite>
</testsuites>
